2025-09-19 12:39:35,095 - [INFO ] -  Monitoring started
2025-09-19 12:39:39,433 - [DEBUG] -  ['12843', '12844', '12845', '12846', '12847', '12849', '12850', '12851', '12852', '12854', '12855', '12856']
2025-09-19 12:39:39,434 - [INFO ] -  download_and_convert_pdf id: 12843
2025-09-19 12:39:39,436 - [DEBUG] -  Empezando funcion, email 12843
2025-09-19 12:39:40,538 - [DEBUG] -  Try, email 12843
2025-09-19 12:39:40,539 - [DEBUG] -  For, email 12843
2025-09-19 12:39:40,540 - [DEBUG] -  For, email 12843
2025-09-19 12:39:40,540 - [DEBUG] -  For, email 12843
2025-09-19 12:39:41,992 - [INFO ] -  download_and_convert_pdf id: 12844
2025-09-19 12:39:41,992 - [DEBUG] -  Empezando funcion, email 12844
2025-09-19 12:39:42,799 - [DEBUG] -  Try, email 12844
2025-09-19 12:39:42,801 - [DEBUG] -  For, email 12844
2025-09-19 12:39:43,172 - [INFO ] -  download_and_convert_pdf id: 12845
2025-09-19 12:39:43,173 - [DEBUG] -  Empezando funcion, email 12845
2025-09-19 12:39:44,082 - [DEBUG] -  Try, email 12845
2025-09-19 12:39:44,083 - [DEBUG] -  For, email 12845
2025-09-19 12:39:44,084 - [DEBUG] -  For, email 12845
2025-09-19 12:39:44,085 - [DEBUG] -  For, email 12845
2025-09-19 12:39:44,637 - [INFO ] -  download_and_convert_pdf id: 12846
2025-09-19 12:39:44,638 - [DEBUG] -  Empezando funcion, email 12846
2025-09-19 12:39:45,431 - [DEBUG] -  Try, email 12846
2025-09-19 12:39:45,431 - [DEBUG] -  For, email 12846
2025-09-19 12:39:45,431 - [DEBUG] -  For, email 12846
2025-09-19 12:39:45,451 - [DEBUG] -  For, email 12846
2025-09-19 12:39:45,888 - [INFO ] -  download_and_convert_pdf id: 12847
2025-09-19 12:39:45,889 - [DEBUG] -  Empezando funcion, email 12847
2025-09-19 12:39:46,664 - [DEBUG] -  Try, email 12847
2025-09-19 12:39:46,665 - [DEBUG] -  For, email 12847
2025-09-19 12:39:46,670 - [DEBUG] -  For, email 12847
2025-09-19 12:39:46,673 - [DEBUG] -  For, email 12847
2025-09-19 12:39:47,089 - [INFO ] -  download_and_convert_pdf id: 12849
2025-09-19 12:39:47,091 - [DEBUG] -  Empezando funcion, email 12849
2025-09-19 12:39:47,682 - [DEBUG] -  Try, email 12849
2025-09-19 12:39:47,682 - [DEBUG] -  For, email 12849
2025-09-19 12:39:47,690 - [DEBUG] -  For, email 12849
2025-09-19 12:39:47,695 - [DEBUG] -  For, email 12849
2025-09-19 12:39:48,160 - [INFO ] -  download_and_convert_pdf id: 12850
2025-09-19 12:39:48,161 - [DEBUG] -  Empezando funcion, email 12850
2025-09-19 12:39:48,905 - [DEBUG] -  Try, email 12850
2025-09-19 12:39:48,905 - [DEBUG] -  For, email 12850
2025-09-19 12:39:48,911 - [DEBUG] -  For, email 12850
2025-09-19 12:39:48,915 - [DEBUG] -  For, email 12850
2025-09-19 12:39:49,493 - [INFO ] -  download_and_convert_pdf id: 12851
2025-09-19 12:39:49,494 - [DEBUG] -  Empezando funcion, email 12851
2025-09-19 12:39:50,582 - [DEBUG] -  Try, email 12851
2025-09-19 12:39:50,582 - [DEBUG] -  For, email 12851
2025-09-19 12:39:51,210 - [INFO ] -  download_and_convert_pdf id: 12852
2025-09-19 12:39:51,211 - [DEBUG] -  Empezando funcion, email 12852
2025-09-19 12:39:51,819 - [DEBUG] -  Try, email 12852
2025-09-19 12:39:51,820 - [DEBUG] -  For, email 12852
2025-09-19 12:39:52,208 - [INFO ] -  download_and_convert_pdf id: 12854
2025-09-19 12:39:52,209 - [DEBUG] -  Empezando funcion, email 12854
2025-09-19 12:39:52,916 - [DEBUG] -  Try, email 12854
2025-09-19 12:39:52,917 - [DEBUG] -  For, email 12854
2025-09-19 12:39:52,922 - [DEBUG] -  For, email 12854
2025-09-19 12:39:52,926 - [DEBUG] -  For, email 12854
2025-09-19 12:39:53,379 - [INFO ] -  download_and_convert_pdf id: 12855
2025-09-19 12:39:53,380 - [DEBUG] -  Empezando funcion, email 12855
2025-09-19 12:39:54,170 - [DEBUG] -  Try, email 12855
2025-09-19 12:39:54,171 - [DEBUG] -  For, email 12855
2025-09-19 12:39:54,176 - [DEBUG] -  For, email 12855
2025-09-19 12:39:54,187 - [DEBUG] -  For, email 12855
2025-09-19 12:39:54,802 - [INFO ] -  download_and_convert_pdf id: 12856
2025-09-19 12:39:54,803 - [DEBUG] -  Empezando funcion, email 12856
2025-09-19 12:39:55,516 - [DEBUG] -  Try, email 12856
2025-09-19 12:39:55,516 - [DEBUG] -  For, email 12856
2025-09-19 12:40:16,983 - [DEBUG] -  []
2025-09-19 12:40:37,882 - [DEBUG] -  []
2025-09-19 12:40:58,582 - [DEBUG] -  []
2025-09-19 12:41:19,285 - [DEBUG] -  []
2025-09-19 12:41:40,308 - [DEBUG] -  []
2025-09-19 12:42:01,517 - [DEBUG] -  []
2025-09-19 12:42:22,178 - [DEBUG] -  []
2025-09-19 12:42:43,010 - [DEBUG] -  []
2025-09-19 12:43:03,769 - [DEBUG] -  []
2025-09-19 12:43:24,667 - [DEBUG] -  []
2025-09-19 12:43:45,488 - [DEBUG] -  []
2025-09-19 12:44:06,150 - [DEBUG] -  []
2025-09-19 12:44:26,803 - [DEBUG] -  []
2025-09-19 12:44:47,454 - [DEBUG] -  []
2025-09-19 12:45:08,100 - [DEBUG] -  []
2025-09-19 12:45:28,735 - [DEBUG] -  []
2025-09-19 12:45:49,399 - [DEBUG] -  []
2025-09-19 12:46:10,766 - [DEBUG] -  []
2025-09-19 12:46:31,468 - [DEBUG] -  []
2025-09-19 12:46:52,114 - [DEBUG] -  []
2025-09-19 12:47:12,751 - [DEBUG] -  []
2025-09-19 12:47:33,460 - [DEBUG] -  []
2025-09-19 12:47:54,222 - [DEBUG] -  []
2025-09-19 12:48:14,942 - [DEBUG] -  []
2025-09-19 12:48:35,585 - [DEBUG] -  []
2025-09-19 12:48:56,287 - [DEBUG] -  []
2025-09-19 12:49:16,988 - [DEBUG] -  []
2025-09-19 12:49:37,692 - [DEBUG] -  []
2025-09-19 12:49:58,489 - [DEBUG] -  []
2025-09-19 12:50:19,178 - [DEBUG] -  []
2025-09-19 12:50:39,905 - [DEBUG] -  []
2025-09-19 12:51:00,621 - [DEBUG] -  []
2025-09-19 12:51:21,424 - [DEBUG] -  []
2025-09-19 12:51:42,153 - [DEBUG] -  []
2025-09-19 12:52:05,565 - [DEBUG] -  []
2025-09-19 12:52:26,406 - [DEBUG] -  []
2025-09-19 12:52:47,316 - [DEBUG] -  []
2025-09-19 12:53:08,196 - [DEBUG] -  []
2025-09-19 12:53:28,924 - [DEBUG] -  []
2025-09-19 12:53:49,578 - [DEBUG] -  []
2025-09-19 12:54:10,214 - [DEBUG] -  []
2025-09-19 12:54:30,876 - [DEBUG] -  []
2025-09-19 12:54:51,559 - [DEBUG] -  []
2025-09-19 12:55:12,217 - [DEBUG] -  []
2025-09-19 12:55:32,870 - [DEBUG] -  []
2025-09-19 12:55:53,780 - [DEBUG] -  []
2025-09-19 12:56:14,583 - [DEBUG] -  []
2025-09-19 12:56:35,208 - [DEBUG] -  []
2025-09-19 12:56:55,892 - [DEBUG] -  []
2025-09-19 12:57:16,517 - [DEBUG] -  []
2025-09-19 12:57:37,280 - [DEBUG] -  []
2025-09-19 12:57:57,903 - [DEBUG] -  []
2025-09-19 12:58:18,576 - [DEBUG] -  []
2025-09-19 12:58:39,196 - [DEBUG] -  []
2025-09-19 12:58:59,819 - [DEBUG] -  []
2025-09-19 12:59:20,450 - [DEBUG] -  []
2025-09-19 12:59:41,140 - [DEBUG] -  []
2025-09-19 13:00:01,907 - [DEBUG] -  []
2025-09-19 13:00:22,776 - [DEBUG] -  []
2025-09-19 13:00:43,463 - [DEBUG] -  []
2025-09-19 13:00:46,454 - [ERROR] -  Interrupci贸n recibida, cerrando conexi贸n...
2025-09-19 13:01:21,181 - [INFO ] -  Monitoring started
2025-09-19 13:01:23,333 - [DEBUG] -  []
2025-09-19 13:01:43,995 - [DEBUG] -  []
2025-09-19 13:02:05,739 - [DEBUG] -  []
2025-09-19 13:02:26,402 - [DEBUG] -  []
2025-09-19 13:02:47,302 - [DEBUG] -  []
2025-09-19 13:03:08,455 - [DEBUG] -  []
2025-09-19 13:03:29,291 - [DEBUG] -  []
2025-09-19 13:03:50,132 - [DEBUG] -  []
2025-09-19 13:04:10,915 - [DEBUG] -  []
2025-09-19 13:04:31,692 - [DEBUG] -  []
2025-09-19 13:04:52,518 - [DEBUG] -  []
2025-09-19 13:05:13,245 - [DEBUG] -  []
2025-09-19 13:05:33,878 - [DEBUG] -  []
2025-09-19 13:05:54,509 - [DEBUG] -  []
2025-09-19 13:06:15,144 - [DEBUG] -  []
2025-09-19 13:06:35,767 - [DEBUG] -  []
2025-09-19 13:06:56,395 - [DEBUG] -  []
2025-09-19 13:07:17,177 - [DEBUG] -  []
2025-09-19 13:07:37,803 - [DEBUG] -  []
2025-09-19 13:07:58,439 - [DEBUG] -  []
2025-09-19 13:08:19,073 - [DEBUG] -  []
2025-09-19 13:08:39,702 - [DEBUG] -  []
2025-09-19 13:09:00,329 - [DEBUG] -  []
2025-09-19 13:09:20,965 - [DEBUG] -  []
2025-09-19 13:09:41,996 - [DEBUG] -  []
2025-09-19 13:10:02,652 - [DEBUG] -  []
2025-09-19 13:10:23,389 - [DEBUG] -  []
2025-09-19 13:10:45,074 - [DEBUG] -  []
2025-09-19 13:11:05,713 - [DEBUG] -  []
2025-09-19 13:11:26,372 - [DEBUG] -  []
2025-09-19 13:11:47,005 - [DEBUG] -  []
2025-09-19 13:12:07,643 - [DEBUG] -  []
2025-09-19 13:12:28,630 - [DEBUG] -  []
2025-09-19 13:12:49,291 - [DEBUG] -  []
2025-09-19 13:13:09,917 - [DEBUG] -  []
2025-09-19 13:13:30,677 - [DEBUG] -  []
2025-09-19 13:13:51,391 - [DEBUG] -  []
2025-09-19 13:14:12,187 - [DEBUG] -  []
2025-09-19 13:14:32,820 - [DEBUG] -  []
2025-09-19 13:14:53,486 - [DEBUG] -  []
2025-09-19 13:15:14,116 - [DEBUG] -  []
2025-09-19 13:15:34,753 - [DEBUG] -  []
2025-09-19 13:15:55,383 - [DEBUG] -  []
2025-09-19 13:16:16,007 - [DEBUG] -  []
2025-09-19 13:16:29,088 - [ERROR] -  Interrupci贸n recibida, cerrando conexi贸n...
